{"C:\\Users\\Hp\\ai-smart-issue-routing\\server\\controllers\\authController.js": {"path":"C:\\Users\\Hp\\ai-smart-issue-routing\\server\\controllers\\authController.js","statementMap":{"0":{"start":{"line":1,"column":13},"end":{"line":1,"column":38}},"1":{"start":{"line":2,"column":12},"end":{"line":2,"column":35}},"2":{"start":{"line":4,"column":23},"end":{"line":16,"column":1}},"3":{"start":{"line":5,"column":22},"end":{"line":9,"column":3}},"4":{"start":{"line":10,"column":23},"end":{"line":14,"column":3}},"5":{"start":{"line":15,"column":2},"end":{"line":15,"column":39}},"6":{"start":{"line":18,"column":17},"end":{"line":46,"column":1}},"7":{"start":{"line":19,"column":2},"end":{"line":45,"column":3}},"8":{"start":{"line":20,"column":38},"end":{"line":20,"column":46}},"9":{"start":{"line":22,"column":25},"end":{"line":22,"column":54}},"10":{"start":{"line":23,"column":4},"end":{"line":25,"column":5}},"11":{"start":{"line":24,"column":6},"end":{"line":24,"column":70}},"12":{"start":{"line":27,"column":17},"end":{"line":27,"column":52}},"13":{"start":{"line":28,"column":4},"end":{"line":28,"column":22}},"14":{"start":{"line":30,"column":42},"end":{"line":30,"column":66}},"15":{"start":{"line":32,"column":4},"end":{"line":42,"column":7}},"16":{"start":{"line":44,"column":4},"end":{"line":44,"column":53}},"17":{"start":{"line":48,"column":14},"end":{"line":78,"column":1}},"18":{"start":{"line":49,"column":2},"end":{"line":77,"column":3}},"19":{"start":{"line":50,"column":32},"end":{"line":50,"column":40}},"20":{"start":{"line":52,"column":17},"end":{"line":52,"column":46}},"21":{"start":{"line":53,"column":4},"end":{"line":55,"column":5}},"22":{"start":{"line":54,"column":6},"end":{"line":54,"column":70}},"23":{"start":{"line":57,"column":20},"end":{"line":57,"column":56}},"24":{"start":{"line":58,"column":4},"end":{"line":60,"column":5}},"25":{"start":{"line":59,"column":6},"end":{"line":59,"column":70}},"26":{"start":{"line":62,"column":42},"end":{"line":62,"column":66}},"27":{"start":{"line":64,"column":4},"end":{"line":74,"column":7}},"28":{"start":{"line":76,"column":4},"end":{"line":76,"column":53}},"29":{"start":{"line":80,"column":16},"end":{"line":104,"column":1}},"30":{"start":{"line":81,"column":2},"end":{"line":103,"column":3}},"31":{"start":{"line":82,"column":29},"end":{"line":82,"column":37}},"32":{"start":{"line":84,"column":4},"end":{"line":86,"column":5}},"33":{"start":{"line":85,"column":6},"end":{"line":85,"column":73}},"34":{"start":{"line":88,"column":4},"end":{"line":100,"column":7}},"35":{"start":{"line":89,"column":6},"end":{"line":91,"column":7}},"36":{"start":{"line":90,"column":8},"end":{"line":90,"column":85}},"37":{"start":{"line":93,"column":19},"end":{"line":93,"column":50}},"38":{"start":{"line":94,"column":6},"end":{"line":96,"column":7}},"39":{"start":{"line":95,"column":8},"end":{"line":95,"column":67}},"40":{"start":{"line":98,"column":30},"end":{"line":98,"column":54}},"41":{"start":{"line":99,"column":6},"end":{"line":99,"column":32}},"42":{"start":{"line":102,"column":4},"end":{"line":102,"column":53}},"43":{"start":{"line":106,"column":0},"end":{"line":106,"column":46}}},"fnMap":{"0":{"name":"(anonymous_0)","decl":{"start":{"line":4,"column":23},"end":{"line":4,"column":24}},"loc":{"start":{"line":4,"column":35},"end":{"line":16,"column":1}},"line":4},"1":{"name":"(anonymous_1)","decl":{"start":{"line":18,"column":17},"end":{"line":18,"column":18}},"loc":{"start":{"line":18,"column":37},"end":{"line":46,"column":1}},"line":18},"2":{"name":"(anonymous_2)","decl":{"start":{"line":48,"column":14},"end":{"line":48,"column":15}},"loc":{"start":{"line":48,"column":34},"end":{"line":78,"column":1}},"line":48},"3":{"name":"(anonymous_3)","decl":{"start":{"line":80,"column":16},"end":{"line":80,"column":17}},"loc":{"start":{"line":80,"column":36},"end":{"line":104,"column":1}},"line":80},"4":{"name":"(anonymous_4)","decl":{"start":{"line":88,"column":61},"end":{"line":88,"column":62}},"loc":{"start":{"line":88,"column":85},"end":{"line":100,"column":5}},"line":88}},"branchMap":{"0":{"loc":{"start":{"line":23,"column":4},"end":{"line":25,"column":5}},"type":"if","locations":[{"start":{"line":23,"column":4},"end":{"line":25,"column":5}},{"start":{},"end":{}}],"line":23},"1":{"loc":{"start":{"line":53,"column":4},"end":{"line":55,"column":5}},"type":"if","locations":[{"start":{"line":53,"column":4},"end":{"line":55,"column":5}},{"start":{},"end":{}}],"line":53},"2":{"loc":{"start":{"line":58,"column":4},"end":{"line":60,"column":5}},"type":"if","locations":[{"start":{"line":58,"column":4},"end":{"line":60,"column":5}},{"start":{},"end":{}}],"line":58},"3":{"loc":{"start":{"line":84,"column":4},"end":{"line":86,"column":5}},"type":"if","locations":[{"start":{"line":84,"column":4},"end":{"line":86,"column":5}},{"start":{},"end":{}}],"line":84},"4":{"loc":{"start":{"line":89,"column":6},"end":{"line":91,"column":7}},"type":"if","locations":[{"start":{"line":89,"column":6},"end":{"line":91,"column":7}},{"start":{},"end":{}}],"line":89},"5":{"loc":{"start":{"line":94,"column":6},"end":{"line":96,"column":7}},"type":"if","locations":[{"start":{"line":94,"column":6},"end":{"line":96,"column":7}},{"start":{},"end":{}}],"line":94}},"s":{"0":1,"1":1,"2":1,"3":0,"4":0,"5":0,"6":1,"7":0,"8":0,"9":0,"10":0,"11":0,"12":0,"13":0,"14":0,"15":0,"16":0,"17":1,"18":0,"19":0,"20":0,"21":0,"22":0,"23":0,"24":0,"25":0,"26":0,"27":0,"28":0,"29":1,"30":0,"31":0,"32":0,"33":0,"34":0,"35":0,"36":0,"37":0,"38":0,"39":0,"40":0,"41":0,"42":0,"43":1},"f":{"0":0,"1":0,"2":0,"3":0,"4":0},"b":{"0":[0,0],"1":[0,0],"2":[0,0],"3":[0,0],"4":[0,0],"5":[0,0]},"_coverageSchema":"1a1c01bbd47fc00a2c39e90264f33305004495a9","hash":"146d64deb322721b3d158ec580ce7abab3ae5afd"}
,"C:\\Users\\Hp\\ai-smart-issue-routing\\server\\middleware\\adminMiddleware.js": {"path":"C:\\Users\\Hp\\ai-smart-issue-routing\\server\\middleware\\adminMiddleware.js","statementMap":{"0":{"start":{"line":1,"column":18},"end":{"line":7,"column":1}},"1":{"start":{"line":2,"column":2},"end":{"line":6,"column":3}},"2":{"start":{"line":3,"column":4},"end":{"line":3,"column":11}},"3":{"start":{"line":5,"column":4},"end":{"line":5,"column":59}},"4":{"start":{"line":9,"column":0},"end":{"line":9,"column":31}}},"fnMap":{"0":{"name":"(anonymous_0)","decl":{"start":{"line":1,"column":18},"end":{"line":1,"column":19}},"loc":{"start":{"line":1,"column":38},"end":{"line":7,"column":1}},"line":1}},"branchMap":{"0":{"loc":{"start":{"line":2,"column":2},"end":{"line":6,"column":3}},"type":"if","locations":[{"start":{"line":2,"column":2},"end":{"line":6,"column":3}},{"start":{"line":4,"column":9},"end":{"line":6,"column":3}}],"line":2},"1":{"loc":{"start":{"line":2,"column":6},"end":{"line":2,"column":43}},"type":"binary-expr","locations":[{"start":{"line":2,"column":6},"end":{"line":2,"column":14}},{"start":{"line":2,"column":18},"end":{"line":2,"column":43}}],"line":2}},"s":{"0":1,"1":0,"2":0,"3":0,"4":1},"f":{"0":0},"b":{"0":[0,0],"1":[0,0]},"_coverageSchema":"1a1c01bbd47fc00a2c39e90264f33305004495a9","hash":"281ed9f63bbde494c7ab128248863cb90871d676"}
,"C:\\Users\\Hp\\ai-smart-issue-routing\\server\\middleware\\validateComplaint.js": {"path":"C:\\Users\\Hp\\ai-smart-issue-routing\\server\\middleware\\validateComplaint.js","statementMap":{"0":{"start":{"line":1,"column":12},"end":{"line":1,"column":26}},"1":{"start":{"line":3,"column":34},"end":{"line":20,"column":2}},"2":{"start":{"line":22,"column":26},"end":{"line":33,"column":1}},"3":{"start":{"line":23,"column":20},"end":{"line":25,"column":4}},"4":{"start":{"line":27,"column":2},"end":{"line":30,"column":3}},"5":{"start":{"line":28,"column":26},"end":{"line":28,"column":71}},"6":{"start":{"line":28,"column":56},"end":{"line":28,"column":70}},"7":{"start":{"line":29,"column":4},"end":{"line":29,"column":89}},"8":{"start":{"line":32,"column":2},"end":{"line":32,"column":9}},"9":{"start":{"line":35,"column":0},"end":{"line":35,"column":35}}},"fnMap":{"0":{"name":"(anonymous_0)","decl":{"start":{"line":22,"column":26},"end":{"line":22,"column":27}},"loc":{"start":{"line":22,"column":46},"end":{"line":33,"column":1}},"line":22},"1":{"name":"(anonymous_1)","decl":{"start":{"line":28,"column":44},"end":{"line":28,"column":45}},"loc":{"start":{"line":28,"column":56},"end":{"line":28,"column":70}},"line":28}},"branchMap":{"0":{"loc":{"start":{"line":27,"column":2},"end":{"line":30,"column":3}},"type":"if","locations":[{"start":{"line":27,"column":2},"end":{"line":30,"column":3}},{"start":{},"end":{}}],"line":27}},"s":{"0":1,"1":1,"2":1,"3":0,"4":0,"5":0,"6":0,"7":0,"8":0,"9":1},"f":{"0":0,"1":0},"b":{"0":[0,0]},"_coverageSchema":"1a1c01bbd47fc00a2c39e90264f33305004495a9","hash":"2d9b75bf0801e1469bf39e5299057aa54dd025c1"}
,"C:\\Users\\Hp\\ai-smart-issue-routing\\server\\models\\Complaint.js": {"path":"C:\\Users\\Hp\\ai-smart-issue-routing\\server\\models\\Complaint.js","statementMap":{"0":{"start":{"line":1,"column":17},"end":{"line":1,"column":36}},"1":{"start":{"line":3,"column":24},"end":{"line":49,"column":24}},"2":{"start":{"line":51,"column":0},"end":{"line":51,"column":62}}},"fnMap":{},"branchMap":{},"s":{"0":1,"1":1,"2":1},"f":{},"b":{},"_coverageSchema":"1a1c01bbd47fc00a2c39e90264f33305004495a9","hash":"400fcf4a478731a5101c76235e497aec20b2b7c4"}
,"C:\\Users\\Hp\\ai-smart-issue-routing\\server\\models\\User.js": {"path":"C:\\Users\\Hp\\ai-smart-issue-routing\\server\\models\\User.js","statementMap":{"0":{"start":{"line":1,"column":17},"end":{"line":1,"column":36}},"1":{"start":{"line":2,"column":15},"end":{"line":2,"column":34}},"2":{"start":{"line":4,"column":19},"end":{"line":10,"column":24}},"3":{"start":{"line":12,"column":0},"end":{"line":18,"column":3}},"4":{"start":{"line":13,"column":2},"end":{"line":13,"column":43}},"5":{"start":{"line":13,"column":36},"end":{"line":13,"column":43}},"6":{"start":{"line":15,"column":15},"end":{"line":15,"column":39}},"7":{"start":{"line":16,"column":15},"end":{"line":16,"column":53}},"8":{"start":{"line":17,"column":2},"end":{"line":17,"column":23}},"9":{"start":{"line":20,"column":0},"end":{"line":22,"column":2}},"10":{"start":{"line":21,"column":2},"end":{"line":21,"column":64}},"11":{"start":{"line":24,"column":0},"end":{"line":24,"column":52}}},"fnMap":{"0":{"name":"(anonymous_0)","decl":{"start":{"line":12,"column":23},"end":{"line":12,"column":24}},"loc":{"start":{"line":12,"column":41},"end":{"line":18,"column":1}},"line":12},"1":{"name":"(anonymous_1)","decl":{"start":{"line":20,"column":37},"end":{"line":20,"column":38}},"loc":{"start":{"line":20,"column":71},"end":{"line":22,"column":1}},"line":20}},"branchMap":{"0":{"loc":{"start":{"line":13,"column":2},"end":{"line":13,"column":43}},"type":"if","locations":[{"start":{"line":13,"column":2},"end":{"line":13,"column":43}},{"start":{},"end":{}}],"line":13}},"s":{"0":3,"1":3,"2":3,"3":3,"4":0,"5":0,"6":0,"7":0,"8":0,"9":3,"10":0,"11":3},"f":{"0":0,"1":0},"b":{"0":[0,0]},"_coverageSchema":"1a1c01bbd47fc00a2c39e90264f33305004495a9","hash":"becc78f8ffb9ca38678a5a068402d0abe20b3fb3"}
,"C:\\Users\\Hp\\ai-smart-issue-routing\\server\\routes\\authRoutes.js": {"path":"C:\\Users\\Hp\\ai-smart-issue-routing\\server\\routes\\authRoutes.js","statementMap":{"0":{"start":{"line":1,"column":16},"end":{"line":1,"column":34}},"1":{"start":{"line":2,"column":15},"end":{"line":2,"column":31}},"2":{"start":{"line":3,"column":37},"end":{"line":3,"column":77}},"3":{"start":{"line":5,"column":0},"end":{"line":5,"column":35}},"4":{"start":{"line":6,"column":0},"end":{"line":6,"column":29}},"5":{"start":{"line":7,"column":0},"end":{"line":7,"column":33}},"6":{"start":{"line":9,"column":0},"end":{"line":9,"column":24}}},"fnMap":{},"branchMap":{},"s":{"0":1,"1":1,"2":1,"3":1,"4":1,"5":1,"6":1},"f":{},"b":{},"_coverageSchema":"1a1c01bbd47fc00a2c39e90264f33305004495a9","hash":"a85c09747996a6ef22e109271a420b5a1de6168e"}
}
